time	T hot	T cold
16:38:04	27.4	27.2
16:38:06	27.4	27.1
16:38:07	27.3	27.1
16:38:08	27.3	27.1
16:38:10	27.3	27.1
16:38:11	28.1	26.8
16:38:12	29.6	26.0
16:38:14	30.0	25.1
16:38:15	30.4	24.1
16:38:16	30.5	23.2
16:38:18	30.6	22.5
16:38:19	30.7	21.4
16:38:20	30.8	20.5
16:38:22	30.9	19.7
16:38:23	31.0	18.8
16:38:24	31.0	17.9
16:38:26	31.1	17.1
16:38:27	31.2	16.3
16:38:28	31.2	15.4
16:38:30	31.4	14.7
16:38:31	31.4	13.9
16:38:32	31.6	13.1
16:38:34	31.6	12.3
16:38:35	31.7	11.7
16:38:36	31.8	10.9
16:38:38	31.9	10.1
16:38:39	31.9	9.5
16:38:40	32.0	8.8
16:38:42	32.1	7.9
16:38:43	32.2	7.4
16:38:44	32.3	6.7
16:38:46	32.4	6.0
16:38:47	32.5	5.5
16:38:48	32.5	4.9
16:38:50	32.6	4.2
16:38:51	32.7	3.6
16:38:52	32.8	3.1
16:38:54	32.9	2.5
16:38:55	33.0	2.0
16:38:56	33.1	1.4
16:38:58	33.1	0.9
16:38:59	33.2	0.3
16:39:00	33.3	-0.1
16:39:02	33.4	-0.6
16:39:03	33.5	-0.9
16:39:04	33.5	-1.6
16:39:06	33.7	-2.1
16:39:07	33.7	-2.6
16:39:08	33.8	-3.0
16:39:10	33.8	-3.4
16:39:11	34.0	-3.9
16:39:12	34.0	-4.3
16:39:14	34.1	-4.7
16:39:15	34.2	-5.1
16:39:16	34.3	-5.5
16:39:18	34.4	-5.9
16:39:19	34.5	-6.4
16:39:21	34.5	-6.8
16:39:22	34.5	-7.1
16:39:23	34.6	-7.5
16:39:25	34.7	-7.9
16:39:26	34.8	-8.3
16:39:27	34.9	-8.5
16:39:29	35.0	-8.9
16:39:30	35.0	-9.2
16:39:31	35.1	-9.6
16:39:33	35.1	-9.9
16:39:34	35.2	-10.2
16:39:35	35.3	-10.5
16:39:37	35.4	-10.8
16:39:38	35.5	-11.1
16:39:39	35.5	-11.4
16:39:41	35.6	-11.8
16:39:42	35.7	-12.1
16:39:43	35.7	-12.3
16:39:45	35.8	-12.6
16:39:46	35.8	-12.9
16:39:47	35.9	-13.1
16:39:49	36.0	-13.3
16:39:50	36.1	-13.6
16:39:51	36.2	-13.9
16:39:53	36.2	-14.1
16:39:54	36.2	-14.4
16:39:55	36.4	-14.6
16:39:57	36.4	-14.8
16:39:58	36.5	-15.0
16:39:59	36.6	-15.2
16:40:01	36.7	-15.4
16:40:02	36.7	-15.6
16:40:03	36.8	-15.9
16:40:05	36.9	-16.0
16:40:06	36.9	-16.2
16:40:07	37.0	-16.4
16:40:09	37.1	-16.7
16:40:10	37.1	-16.8
16:40:11	37.2	-17.0
16:40:13	37.3	-17.1
16:40:14	37.4	-17.3
16:40:15	37.4	-17.5
16:40:17	37.5	-17.6
16:40:18	37.6	-17.8
16:40:19	37.6	-18.0
16:40:21	37.7	-18.1
16:40:22	37.7	-18.2
16:40:23	37.8	-18.4
16:40:25	38.0	-18.5
16:40:26	38.0	-18.6
16:40:27	38.1	-18.8
16:40:29	38.2	-18.8
16:40:30	38.3	-18.9
16:40:31	38.4	-19.1
16:40:33	38.4	-19.3
16:40:34	38.4	-19.4
16:40:35	38.5	-19.5
16:40:37	38.6	-19.6
16:40:38	38.7	-19.7
16:40:39	38.7	-19.8
16:40:41	38.8	-19.9
16:40:42	38.9	-20.1
16:40:43	39.0	-20.1
16:40:45	39.0	-20.2
16:40:46	39.1	-20.3
16:40:47	39.1	-20.4
16:40:49	39.2	-20.5
16:40:50	39.3	-20.6
16:40:51	39.4	-20.7
16:40:53	39.4	-20.8
16:40:54	39.5	-20.9
16:40:55	39.6	-20.9
16:40:57	39.6	-21.0
16:40:58	39.7	-21.0
16:40:59	39.8	-21.1
16:41:01	39.8	-21.2
16:41:02	39.9	-21.3
16:41:03	39.9	-21.4
16:41:05	40.0	-21.5
16:41:06	40.1	-21.5
16:41:07	40.2	-21.6
16:41:09	40.2	-21.6
16:41:10	40.3	-21.7
16:41:11	40.4	-21.7
16:41:13	40.4	-21.8
16:41:14	40.5	-21.9
16:41:16	40.5	-21.9
16:41:17	40.6	-22.0
16:41:18	40.7	-22.1
16:41:20	40.7	-22.1
16:41:21	40.8	-22.2
16:41:22	40.9	-22.2
16:41:24	41.0	-22.2
16:41:25	41.0	-22.3
16:41:26	41.0	-22.3
16:41:28	41.1	-22.3
16:41:29	41.2	-22.3
16:41:30	41.3	-22.4
16:41:32	41.3	-22.5
16:41:33	41.4	-22.5
16:41:34	41.5	-22.5
16:41:36	41.6	-22.5
16:41:37	41.7	-22.6
16:41:38	41.7	-22.6
16:41:40	41.8	-22.7
16:41:41	41.8	-22.7
16:41:42	41.9	-22.7
16:41:44	42.0	-22.7
16:41:45	42.1	-22.7
16:41:46	42.1	-22.7
16:41:48	42.2	-22.8
16:41:49	42.3	-22.8
16:41:50	42.4	-22.9
16:41:52	42.4	-22.9
16:41:53	42.5	-22.9
16:41:54	42.5	-22.9
16:41:56	42.6	-23.0
16:41:57	42.6	-23.0
16:41:59	42.8	-22.9
16:42:00	42.8	-22.9
16:42:01	42.9	-22.9
16:42:03	43.0	-22.9
16:42:04	43.1	-22.9
16:42:05	43.1	-22.9
16:42:07	43.1	-23.0
16:42:08	43.2	-23.0
16:42:09	43.3	-23.0
16:42:11	43.4	-23.0
16:42:12	43.4	-23.0
16:42:13	43.5	-23.0
16:42:15	43.6	-23.0
16:42:16	43.7	-23.0
16:42:17	43.7	-23.0
16:42:19	43.8	-23.0
16:42:20	43.9	-23.0
16:42:21	43.9	-22.9
16:42:23	44.0	-22.9
16:42:24	44.0	-22.9
16:42:25	44.1	-22.9
16:42:27	44.2	-23.0
16:42:28	44.2	-22.9
16:42:29	44.3	-23.0
16:42:31	44.4	-22.9
16:42:32	44.4	-22.9
16:42:33	44.5	-22.9
16:42:35	44.6	-22.9
16:42:36	44.6	-22.9
16:42:37	44.7	-22.9
16:42:39	44.8	-22.9
16:42:40	44.9	-22.9
16:42:41	44.9	-22.9
16:42:43	45.0	-22.9
16:42:44	45.1	-22.9
16:42:45	45.1	-22.9
16:42:47	45.2	-22.9
16:42:48	45.3	-22.9
16:42:49	45.3	-22.8
16:42:51	45.4	-22.9
16:42:52	45.4	-22.9
16:42:53	45.5	-22.8
16:42:55	45.6	-22.9
16:42:56	45.6	-22.8
16:42:57	45.7	-22.8
16:42:59	45.8	-22.8
16:43:00	45.8	-22.7
16:43:01	45.9	-22.8
16:43:03	46.0	-22.7
16:43:04	46.1	-22.7
16:43:05	46.1	-22.7
16:43:07	46.2	-22.7
16:43:08	46.3	-22.7
16:43:09	46.3	-22.7
16:43:11	46.4	-22.7
16:43:12	46.4	-22.7
16:43:13	46.4	-22.7
16:43:15	46.5	-22.7
16:43:16	46.6	-22.6
16:43:17	46.6	-22.6
16:43:19	46.7	-22.6
16:43:20	46.8	-22.5
16:43:21	46.9	-22.5
16:43:23	47.0	-22.5
16:43:24	47.0	-22.5
16:43:25	47.1	-22.5
16:43:27	47.1	-22.4
16:43:28	47.2	-22.4
16:43:29	47.2	-22.4
16:43:31	47.3	-22.3
16:43:32	47.4	-22.3
16:43:34	47.4	-22.3
16:43:35	47.5	-22.3
16:43:36	47.6	-22.3
16:43:38	47.6	-22.3
16:43:39	47.7	-22.2
16:43:40	47.7	-22.2
16:43:42	47.7	-22.2
16:43:43	47.9	-22.2
16:43:44	47.9	-22.2
16:43:46	48.0	-22.2
16:43:47	48.1	-22.1
16:43:48	48.1	-22.1
16:43:50	48.2	-22.1
16:43:51	48.2	-22.1
16:43:52	48.3	-22.0
16:43:54	48.3	-22.0
16:43:55	48.4	-22.0
16:43:56	48.5	-22.0
16:43:58	48.5	-21.9
16:43:59	48.6	-21.9
16:44:00	48.7	-21.9
16:44:02	48.7	-21.9
16:44:03	48.8	-21.8
16:44:04	48.8	-21.8
16:44:06	48.9	-21.8
16:44:07	49.0	-21.8
16:44:08	49.0	-21.7
16:44:10	49.1	-21.6
16:44:11	49.1	-21.6
16:44:12	49.2	-21.6
16:44:14	49.3	-21.5
16:44:15	49.4	-21.5
16:44:16	49.4	-21.5
16:44:18	49.5	-21.4
16:44:19	49.6	-21.4
16:44:21	49.7	-21.3
16:44:22	49.7	-21.3
16:44:23	49.7	-21.3
16:44:25	49.8	-21.3
16:44:26	49.9	-21.3
16:44:27	49.9	-21.2
16:44:29	50.0	-21.2
16:44:30	50.1	-21.1
16:44:31	50.2	-21.1
16:44:33	50.2	-21.1
16:44:34	50.3	-21.1
16:44:35	50.3	-21.1
16:44:37	50.4	-21.0
16:44:38	50.4	-21.0
16:44:39	50.5	-20.9
16:44:41	50.6	-20.9
16:44:42	50.7	-20.8
16:44:43	50.7	-20.8
16:44:45	50.8	-20.8
16:44:46	50.9	-20.7
16:44:47	50.9	-20.7
16:44:49	51.0	-20.7
16:44:50	51.1	-20.6
16:44:51	51.1	-20.6
16:44:53	51.2	-20.6
16:44:54	51.2	-20.6
16:44:55	51.3	-20.6
16:44:57	51.4	-20.5
16:44:58	51.4	-20.5
16:44:59	51.5	-20.5
16:45:01	51.6	-20.4
16:45:02	51.7	-20.4
16:45:03	51.7	-20.3
16:45:05	51.8	-20.2
16:45:06	51.9	-20.1
16:45:07	52.0	-20.1
16:45:09	52.0	-20.1
16:45:10	52.1	-20.1
16:45:11	52.1	-20.1
16:45:13	52.2	-20.0
16:45:14	52.2	-20.0
16:45:15	52.3	-20.0
16:45:17	52.4	-19.9
16:45:18	52.4	-19.9
16:45:19	52.5	-19.9
16:45:21	52.6	-19.8
16:45:22	52.6	-19.9
16:45:23	52.7	-19.8
16:45:25	52.8	-19.7
16:45:26	52.9	-19.7
16:45:27	52.9	-19.8
16:45:29	52.9	-19.7
16:45:30	52.2	-19.5
16:45:31	50.7	-18.9
16:45:33	50.2	-18.2
